D:\1.Работа\.активные\армяне2.0\схема.dwg,1,20.09.2021 12:09:29,Dmitriy,AutoCAD PDF (General Documentation).pc3,ISO без полей A3 (420.00 x 297.00 мм),1:1,
D:\1.Работа\.активные\армяне2.0\схема.dwg,2,20.09.2021 12:09:30,Dmitriy,AutoCAD PDF (General Documentation).pc3,ISO без полей A3 (420.00 x 297.00 мм),1:1,
D:\1.Работа\.активные\армяне2.0\схема.dwg,3,20.09.2021 12:09:30,Dmitriy,AutoCAD PDF (General Documentation).pc3,ISO без полей A3 (420.00 x 297.00 мм),1:1,
D:\1.Работа\.активные\армяне2.0\схема.dwg,4,20.09.2021 12:09:31,Dmitriy,AutoCAD PDF (General Documentation).pc3,ISO без полей A3 (420.00 x 297.00 мм),1:1,
D:\1.Работа\.активные\армяне2.0\схема.dwg,5,20.09.2021 12:09:31,Dmitriy,AutoCAD PDF (General Documentation).pc3,ISO без полей A3 (420.00 x 297.00 мм),1:1,
D:\1.Работа\.активные\армяне2.0\схема.dwg,расстановка,20.09.2021 12:09:31,Dmitriy,AutoCAD PDF (General Documentation).pc3,ISO без полей A3 (420.00 x 297.00 мм),1:1,
D:\1.Работа\.активные\армяне2.0\схема.dwg,1,20.09.2021 12:10:14,Dmitriy,AutoCAD PDF (General Documentation).pc3,ISO без полей A3 (420.00 x 297.00 мм),1:1,
D:\1.Работа\.активные\армяне2.0\схема.dwg,2,20.09.2021 12:10:15,Dmitriy,AutoCAD PDF (General Documentation).pc3,ISO без полей A3 (420.00 x 297.00 мм),1:1,
D:\1.Работа\.активные\армяне2.0\схема.dwg,3,20.09.2021 12:10:15,Dmitriy,AutoCAD PDF (General Documentation).pc3,ISO без полей A3 (420.00 x 297.00 мм),1:1,
D:\1.Работа\.активные\армяне2.0\схема.dwg,4,20.09.2021 12:10:16,Dmitriy,AutoCAD PDF (General Documentation).pc3,ISO без полей A3 (420.00 x 297.00 мм),1:1,
D:\1.Работа\.активные\армяне2.0\схема.dwg,5,20.09.2021 12:10:16,Dmitriy,AutoCAD PDF (General Documentation).pc3,ISO без полей A3 (420.00 x 297.00 мм),1:1,
D:\1.Работа\.активные\армяне2.0\схема.dwg,расстановка,20.09.2021 12:10:16,Dmitriy,AutoCAD PDF (General Documentation).pc3,ISO без полей A3 (420.00 x 297.00 мм),1:1,
D:\1.Работа\.активные\армяне2.0\схема.dwg,1,20.09.2021 12:11:40,Dmitriy,AutoCAD PDF (General Documentation).pc3,ISO без полей A3 (420.00 x 297.00 мм),1:1,
D:\1.Работа\.активные\армяне2.0\схема.dwg,2,20.09.2021 12:11:41,Dmitriy,AutoCAD PDF (General Documentation).pc3,ISO без полей A3 (420.00 x 297.00 мм),1:1,
D:\1.Работа\.активные\армяне2.0\схема.dwg,3,20.09.2021 12:11:41,Dmitriy,AutoCAD PDF (General Documentation).pc3,ISO без полей A3 (420.00 x 297.00 мм),1:1,
D:\1.Работа\.активные\армяне2.0\схема.dwg,4,20.09.2021 12:11:41,Dmitriy,AutoCAD PDF (General Documentation).pc3,ISO без полей A3 (420.00 x 297.00 мм),1:1,
D:\1.Работа\.активные\армяне2.0\схема.dwg,5,20.09.2021 12:11:42,Dmitriy,AutoCAD PDF (General Documentation).pc3,ISO без полей A3 (420.00 x 297.00 мм),1:1,
D:\1.Работа\.активные\армяне2.0\схема.dwg,расстановка,20.09.2021 12:11:42,Dmitriy,AutoCAD PDF (General Documentation).pc3,ISO без полей A3 (420.00 x 297.00 мм),1:1,
D:\1.Работа\.активные\армяне2.0\схема.dwg,1,20.09.2021 12:12:55,Dmitriy,AutoCAD PDF (General Documentation).pc3,ISO без полей A3 (420.00 x 297.00 мм),1:1,
D:\1.Работа\.активные\армяне2.0\схема.dwg,2,20.09.2021 12:12:55,Dmitriy,AutoCAD PDF (General Documentation).pc3,ISO без полей A3 (420.00 x 297.00 мм),1:1,
D:\1.Работа\.активные\армяне2.0\схема.dwg,3,20.09.2021 12:12:56,Dmitriy,AutoCAD PDF (General Documentation).pc3,ISO без полей A3 (420.00 x 297.00 мм),1:1,
D:\1.Работа\.активные\армяне2.0\схема.dwg,4,20.09.2021 12:12:56,Dmitriy,AutoCAD PDF (General Documentation).pc3,ISO без полей A3 (420.00 x 297.00 мм),1:1,
D:\1.Работа\.активные\армяне2.0\схема.dwg,5,20.09.2021 12:12:56,Dmitriy,AutoCAD PDF (General Documentation).pc3,ISO без полей A3 (420.00 x 297.00 мм),1:1,
D:\1.Работа\.активные\армяне2.0\схема.dwg,расстановка,20.09.2021 12:12:57,Dmitriy,AutoCAD PDF (General Documentation).pc3,ISO без полей A3 (420.00 x 297.00 мм),1:1,
D:\1.Работа\.активные\армяне2.0\схема.dwg,1,20.09.2021 12:14:09,Dmitriy,AutoCAD PDF (General Documentation).pc3,ISO без полей A3 (420.00 x 297.00 мм),1:1,
D:\1.Работа\.активные\армяне2.0\схема.dwg,2,20.09.2021 12:14:09,Dmitriy,AutoCAD PDF (General Documentation).pc3,ISO без полей A3 (420.00 x 297.00 мм),1:1,
D:\1.Работа\.активные\армяне2.0\схема.dwg,3,20.09.2021 12:14:10,Dmitriy,AutoCAD PDF (General Documentation).pc3,ISO без полей A3 (420.00 x 297.00 мм),1:1,
D:\1.Работа\.активные\армяне2.0\схема.dwg,4,20.09.2021 12:14:10,Dmitriy,AutoCAD PDF (General Documentation).pc3,ISO без полей A3 (420.00 x 297.00 мм),1:1,
D:\1.Работа\.активные\армяне2.0\схема.dwg,5,20.09.2021 12:14:10,Dmitriy,AutoCAD PDF (General Documentation).pc3,ISO без полей A3 (420.00 x 297.00 мм),1:1,
D:\1.Работа\.активные\армяне2.0\схема.dwg,расстановка,20.09.2021 12:14:11,Dmitriy,AutoCAD PDF (General Documentation).pc3,ISO без полей A3 (420.00 x 297.00 мм),1:1,
D:\1.Работа\.активные\армяне2.0\схема.dwg,1,20.09.2021 12:18:01,Dmitriy,AutoCAD PDF (General Documentation).pc3,ISO без полей A3 (420.00 x 297.00 мм),1:1,
D:\1.Работа\.активные\армяне2.0\схема.dwg,2,20.09.2021 12:18:02,Dmitriy,AutoCAD PDF (General Documentation).pc3,ISO без полей A3 (420.00 x 297.00 мм),1:1,
D:\1.Работа\.активные\армяне2.0\схема.dwg,3,20.09.2021 12:18:02,Dmitriy,AutoCAD PDF (General Documentation).pc3,ISO без полей A3 (420.00 x 297.00 мм),1:1,
D:\1.Работа\.активные\армяне2.0\схема.dwg,4,20.09.2021 12:18:02,Dmitriy,AutoCAD PDF (General Documentation).pc3,ISO без полей A3 (420.00 x 297.00 мм),1:1,
D:\1.Работа\.активные\армяне2.0\схема.dwg,5,20.09.2021 12:18:03,Dmitriy,AutoCAD PDF (General Documentation).pc3,ISO без полей A3 (420.00 x 297.00 мм),1:1,
D:\1.Работа\.активные\армяне2.0\схема.dwg,расстановка,20.09.2021 12:18:03,Dmitriy,AutoCAD PDF (General Documentation).pc3,ISO без полей A3 (420.00 x 297.00 мм),1:1,
D:\1.Работа\.активные\армяне v.2\схема.dwg,1,20.09.2021 15:58:56,Dmitriy,AutoCAD PDF (General Documentation).pc3,ISO без полей A3 (420.00 x 297.00 мм),1:1,
D:\1.Работа\.активные\армяне v.2\схема.dwg,2,20.09.2021 15:58:57,Dmitriy,AutoCAD PDF (General Documentation).pc3,ISO без полей A3 (420.00 x 297.00 мм),1:1,
D:\1.Работа\.активные\армяне v.2\схема.dwg,3,20.09.2021 15:58:57,Dmitriy,AutoCAD PDF (General Documentation).pc3,ISO без полей A3 (420.00 x 297.00 мм),1:1,
D:\1.Работа\.активные\армяне v.2\схема.dwg,4,20.09.2021 15:58:58,Dmitriy,AutoCAD PDF (General Documentation).pc3,ISO без полей A3 (420.00 x 297.00 мм),1:1,
D:\1.Работа\.активные\армяне v.2\схема.dwg,5,20.09.2021 15:58:58,Dmitriy,AutoCAD PDF (General Documentation).pc3,ISO без полей A3 (420.00 x 297.00 мм),1:1,
D:\1.Работа\.активные\армяне v.2\схема.dwg,расстановка,20.09.2021 15:58:58,Dmitriy,AutoCAD PDF (General Documentation).pc3,ISO без полей A3 (420.00 x 297.00 мм),1:1,
D:\1.Работа\.активные\армяне v.2\схема.dwg,клеммники,20.09.2021 15:58:59,Dmitriy,AutoCAD PDF (General Documentation).pc3,ISO без полей A3 (420.00 x 297.00 мм),1:1,
D:\1.Работа\.активные\армяне v.2\схема.dwg,1,20.09.2021 17:01:54,Dmitriy,AutoCAD PDF (General Documentation).pc3,ISO без полей A3 (420.00 x 297.00 мм),1:1,
D:\1.Работа\.активные\армяне v.2\схема.dwg,2,20.09.2021 17:01:54,Dmitriy,AutoCAD PDF (General Documentation).pc3,ISO без полей A3 (420.00 x 297.00 мм),1:1,
D:\1.Работа\.активные\армяне v.2\схема.dwg,3,20.09.2021 17:01:55,Dmitriy,AutoCAD PDF (General Documentation).pc3,ISO без полей A3 (420.00 x 297.00 мм),1:1,
D:\1.Работа\.активные\армяне v.2\схема.dwg,4,20.09.2021 17:01:55,Dmitriy,AutoCAD PDF (General Documentation).pc3,ISO без полей A3 (420.00 x 297.00 мм),1:1,
D:\1.Работа\.активные\армяне v.2\схема.dwg,5,20.09.2021 17:01:55,Dmitriy,AutoCAD PDF (General Documentation).pc3,ISO без полей A3 (420.00 x 297.00 мм),1:1,
D:\1.Работа\.активные\армяне v.2\схема.dwg,расстановка,20.09.2021 17:01:56,Dmitriy,AutoCAD PDF (General Documentation).pc3,ISO без полей A3 (420.00 x 297.00 мм),1:1,
D:\1.Работа\.активные\армяне v.2\схема.dwg,клеммники,20.09.2021 17:01:57,Dmitriy,AutoCAD PDF (General Documentation).pc3,ISO без полей A4 (297.00 x 210.00 мм),1:1,
D:\1.Работа\.активные\белводоканал\шкаф_белводоканал.dwg,вводной,20.09.2021 17:29:15,Dmitriy,AutoCAD PDF (General Documentation).pc3,ISO без полей A3 (420.00 x 297.00 мм),1:1,
D:\1.Работа\.активные\белводоканал\шкаф_белводоканал.dwg,главный1,20.09.2021 17:29:15,Dmitriy,AutoCAD PDF (General Documentation).pc3,ISO без полей A3 (420.00 x 297.00 мм),1:1,
D:\1.Работа\.активные\белводоканал\шкаф_белводоканал.dwg,главный2,20.09.2021 17:29:15,Dmitriy,AutoCAD PDF (General Documentation).pc3,ISO без полей A3 (420.00 x 297.00 мм),1:1,
D:\1.Работа\.активные\белводоканал\шкаф_белводоканал.dwg,1,20.09.2021 17:29:15,Dmitriy,AutoCAD PDF (General Documentation).pc3,ISO без полей A3 (420.00 x 297.00 мм),1:1,
D:\1.Работа\.активные\белводоканал\шкаф_белводоканал.dwg,2,20.09.2021 17:29:15,Dmitriy,AutoCAD PDF (General Documentation).pc3,ISO без полей A3 (420.00 x 297.00 мм),1:1,
D:\1.Работа\.активные\белводоканал\шкаф_белводоканал.dwg,3,20.09.2021 17:29:15,Dmitriy,AutoCAD PDF (General Documentation).pc3,ISO без полей A3 (420.00 x 297.00 мм),1:1,
D:\1.Работа\.активные\армяне v.2\схема.dwg,клеммники,27.09.2021 23:35:39,Dmitriy,AutoCAD PDF (General Documentation).pc3,ISO без полей A4 (297.00 x 210.00 мм),1:1,
D:\1.Работа\.активные\бмз брянск\схемы.dwg,освещение,28.09.2021 11:05:05,Dmitriy,AutoCAD PDF (General Documentation).pc3,ISO без полей A3 (420.00 x 297.00 мм),1:1,
D:\1.Работа\.активные\бмз брянск\схемы.dwg,скважины,28.09.2021 11:05:05,Dmitriy,AutoCAD PDF (General Documentation).pc3,ISO без полей A3 (420.00 x 297.00 мм),1:1,
D:\1.Работа\.активные\бмз брянск\схемы.dwg,кнс,28.09.2021 11:05:06,Dmitriy,AutoCAD PDF (General Documentation).pc3,ISO без полей A3 (420.00 x 297.00 мм),1:1,
D:\1.Работа\.активные\бмз брянск\схемы.dwg,насосная,28.09.2021 11:05:06,Dmitriy,AutoCAD PDF (General Documentation).pc3,ISO без полей A3 (420.00 x 297.00 мм),1:1,
D:\1.Работа\.активные\бмз брянск\схемы.dwg,аргон,28.09.2021 11:05:07,Dmitriy,AutoCAD PDF (General Documentation).pc3,ISO без полей A3 (420.00 x 297.00 мм),1:1,
D:\1.Работа\.активные\бмз брянск\схемы.dwg,расстановка,28.09.2021 11:05:07,Dmitriy,AutoCAD PDF (General Documentation).pc3,ISO без полей A3 (420.00 x 297.00 мм),1:1,
D:\1.Работа\.активные\бмз брянск\схемы.dwg,расстановка2,28.09.2021 11:05:08,Dmitriy,AutoCAD PDF (General Documentation).pc3,ISO без полей A3 (420.00 x 297.00 мм),1:1,
D:\1.Работа\.активные\бмз брянск\схемы.dwg,расстановка 3,28.09.2021 11:05:08,Dmitriy,AutoCAD PDF (General Documentation).pc3,ISO без полей A3 (420.00 x 297.00 мм),1:1,
